23:24:39.493 [main] INFO  - **** TC_1_01_ParsingRequiredValuesToTheRespectiveFields Started ****
23:24:43.421 [main] INFO  - **** TC_1_01_ParsingRequiredValuesToTheRespectiveFields Ended ****
23:24:43.677 [main] INFO  - **** TC_1_02_DisplayingTheEMIPaymentTable Started ****
23:24:46.281 [main] INFO  - **** TC_1_02_DisplayingTheEMIPaymentTable Ended ****
23:24:46.452 [main] INFO  - **** TC_2_01_StoringTheYearTableInTheExcel Started ****
23:25:00.324 [main] INFO  - **** TC_2_01_StoringTheYearTableInTheExcel Ended ****
23:25:00.480 [main] INFO  - **** TC_3_01_EMICalculator_ValidatingLoanAmountTextBox Started ****
23:25:02.262 [main] INFO  - **** TC_3_01_EMICalculator_ValidatingLoanAmountTextBox Ended ****
23:25:02.547 [main] INFO  - **** TC_3_02_EMICalculator_ValidatingLoanAmountSlider Started ****
23:25:03.976 [main] INFO  - **** TC_3_02_EMICalculator_ValidatingLoanAmountSlider Ended ****
23:25:04.235 [main] INFO  - **** TC_3_03_EMICalculator_IntegressionTestingForLoanAmountTextBoxAndSlider Started ****
23:25:06.973 [main] INFO  - **** TC_3_03_EMICalculator_IntegressionTestingForLoanAmountTextBoxAndSlider Ended ****
23:25:07.251 [main] INFO  - **** TC_3_04_EMICalculator_ValidatingInterestRateTextBox Started ****
23:25:09.089 [main] INFO  - **** TC_3_04_EMICalculator_ValidatingInterestRateTextBox Ended ****
23:25:09.340 [main] INFO  - **** TC_3_05_EMICalculator_ValidatingInterestRateSlider Started ****
23:25:11.113 [main] INFO  - **** TC_3_05_EMICalculator_ValidatingInterestRateSlider Ended ****
23:25:11.497 [main] INFO  - **** TC_3_06_EMICalculator_IntegressionTestingForInterestRateTextBoxAndSlider Started ****
23:25:15.171 [main] INFO  - **** TC_3_06_EMICalculator_IntegressionTestingForInterestRateTextBoxAndSlider Ended ****
23:25:15.413 [main] INFO  - **** TC_3_07_EMICalculator_ValidatingLoanTenureTextBox Started ****
23:25:17.162 [main] INFO  - **** TC_3_07_EMICalculator_ValidatingLoanTenureTextBox Ended ****
23:25:17.359 [main] INFO  - **** TC_3_08_EMICalculator_ValidatingLoanTenureSlider Started ****
23:25:19.057 [main] INFO  - **** TC_3_08_EMICalculator_ValidatingLoanTenureSlider Ended ****
23:25:19.313 [main] INFO  - **** TC_3_09_EMICalculator_IntegressionTestingForLoanTenureTextBoxAndSlider Started ****
23:25:21.538 [main] INFO  - **** TC_3_09_EMICalculator_IntegressionTestingForLoanTenureTextBoxAndSlider Ended ****
23:25:21.804 [main] INFO  - **** TC_3_10_EMICalculator_ValidatingFeesAndChargesTextBox Started ****
23:25:23.459 [main] INFO  - **** TC_3_10_EMICalculator_ValidatingFeesAndChargesTextBox Ended ****
23:25:23.694 [main] INFO  - **** TC_3_11_EMICalculator_ValidatingFeesAndChargesSlider Started ****
23:25:25.405 [main] INFO  - **** TC_3_11_EMICalculator_ValidatingFeesAndChargesSlider Ended ****
23:25:25.678 [main] INFO  - **** TC_3_12_EMICalculator_IntegressionTestingForFeesAndChargesTextBoxAndSlider Started ****
23:25:28.803 [main] INFO  - **** TC_3_12_EMICalculator_IntegressionTestingForFeesAndChargesTextBoxAndSlider Ended ****
23:25:29.023 [main] INFO  - **** TC_3_13_LoanAmtCalculator_ValidatingEMITextBox Started ****
23:25:30.605 [main] INFO  - **** TC_3_13_LoanAmtCalculator_ValidatingEMITextBox Ended ****
23:25:30.838 [main] INFO  - **** TC_3_14_LoanAmtCalculator_ValidatingEMISlider Started ****
23:25:33.053 [main] INFO  - **** TC_3_14_LoanAmtCalculator_ValidatingEMISlider Ended ****
23:25:33.298 [main] INFO  - **** TC_3_15_LoanAmtCalculator_IntegressionTestingForEMITextBoxAndSlider Started ****
23:25:36.558 [main] ERROR - TC_3_15 got failed, Integration Testing for EMI Text Box and slider was not successful
23:25:36.841 [main] INFO  - **** TC_3_16_LoanAmtCalculator_ValidatingInterestRateTextBox Started ****
23:25:38.120 [main] INFO  - **** TC_3_16_LoanAmtCalculator_ValidatingInterestRateTextBox Ended ****
23:25:38.326 [main] INFO  - **** TC_3_17_LoanAmtCalculator_ValidatingInterestRateSlider Started ****
23:25:40.683 [main] INFO  - **** TC_3_17_LoanAmtCalculator_ValidatingInterestRateSlider Ended ****
23:25:40.999 [main] INFO  - **** TC_3_18_LoanAmtCalculator_IntegressionTestingForInterestRateTextBoxAndSlider Started ****
23:25:43.473 [main] INFO  - **** TC_3_18_LoanAmtCalculator_IntegressionTestingForInterestRateTextBoxAndSlider Ended ****
23:25:43.684 [main] INFO  - **** TC_3_19_LoanAmtCalculator_ValidatingLoanTenureTextBox Started ****
23:25:45.885 [main] INFO  - **** TC_3_19_LoanAmtCalculator_ValidatingLoanTenureTextBox Ended ****
23:25:46.122 [main] INFO  - **** TC_3_20_LoanAmtCalculator_ValidatingLoanTenureSlider Started ****
23:25:47.289 [main] INFO  - **** TC_3_20_LoanAmtCalculator_ValidatingLoanTenureSlider Ended ****
23:25:47.574 [main] INFO  - **** TC_3_21_LoanAmtCalculator_IntegressionTestingForLoanTenureTextBoxAndSlider Started ****
23:25:50.936 [main] INFO  - **** TC_3_21_LoanAmtCalculator_IntegressionTestingForLoanTenureTextBoxAndSlider Ended ****
23:25:51.152 [main] INFO  - **** TC_3_22_LoanAmtCalculator_ValidatingFeesAndChargesTextBox Started ****
23:25:52.883 [main] INFO  - **** TC_3_22_LoanAmtCalculator_ValidatingFeesAndChargesTextBox Ended ****
23:25:53.116 [main] INFO  - **** TC_3_23_LoanAmtCalculator_ValidatingFeesAndChargesSlider Started ****
23:25:54.789 [main] INFO  - **** TC_3_23_LoanAmtCalculator_ValidatingFeesAndChargesSlider Ended ****
23:25:55.151 [main] INFO  - **** TC_3_24_LoanAmtCalculator_IntegressionTestingForFeesAndChargesTextBoxAndSlider Started ****
23:25:57.575 [main] INFO  - **** TC_3_24_LoanAmtCalculator_IntegressionTestingForFeesAndChargesTextBoxAndSlider Ended ****
23:25:57.815 [main] INFO  - **** TC_3_25_LoanTenureCalculator_ValidatingLoanAmountTextBox Started ****
23:25:59.876 [main] INFO  - **** TC_3_25_LoanTenureCalculator_ValidatingLoanAmountTextBox Ended ****
23:26:00.171 [main] INFO  - **** TC_3_26_LoanTenureCalculator_ValidatingLoanAmountSlider Started ****
23:26:01.422 [main] INFO  - **** TC_3_26_LoanTenureCalculator_ValidatingLoanAmountSlider Ended ****
23:26:01.700 [main] INFO  - **** TC_3_27_LoanTenureCalculator_IntegressionTestingForLoanAmountTextBoxAndSlider Started ****
23:26:04.748 [main] INFO  - **** TC_3_27_LoanTenureCalculator_IntegressionTestingForLoanAmountTextBoxAndSlider Ended ****
23:26:04.996 [main] INFO  - **** TC_3_28_LoanTenureCalculator_ValidatingEMITextBox Started ****
23:26:06.667 [main] INFO  - **** TC_3_28_LoanTenureCalculator_ValidatingEMITextBox Ended ****
23:26:06.906 [main] INFO  - **** TC_3_29_LoanTenureCalculator_ValidatingEMISlider Started ****
23:26:09.265 [main] INFO  - **** TC_3_29_LoanTenureCalculator_ValidatingEMISlider Ended ****
23:26:09.551 [main] INFO  - **** TC_3_30_LoanTenureCalculator_IntegressionTestingForEMITextBoxAndSlider Started ****
23:26:12.522 [main] ERROR - TC_3_30 got failed, Integration Testing for EMI Text Box and slider was not successful
23:26:12.746 [main] INFO  - **** TC_3_31_LoanTenureCalculator_ValidatingInterestRateTextBox Started ****
23:26:14.798 [main] INFO  - **** TC_3_31_LoanTenureCalculator_ValidatingInterestRateTextBox Ended ****
23:26:15.033 [main] INFO  - **** TC_3_32_LoanTenureCalculator_ValidatingInterestRateSlider Started ****
23:26:17.169 [main] INFO  - **** TC_3_32_LoanTenureCalculator_ValidatingInterestRateSlider Ended ****
23:26:17.426 [main] INFO  - **** TC_3_33_LoanTenureCalculator_IntegressionTestingForInterestRateTextBoxAndSlider Started ****
23:26:20.785 [main] INFO  - **** TC_3_33_LoanTenureCalculator_IntegressionTestingForInterestRateTextBoxAndSlider Ended ****
23:26:20.965 [main] INFO  - **** TC_3_34_LoanTenureCalculator_ValidatingFeesAndChargesTextBox Started ****
23:26:22.227 [main] INFO  - **** TC_3_34_LoanTenureCalculator_ValidatingFeesAndChargesTextBox Ended ****
23:26:22.416 [main] INFO  - **** TC_3_35_LoanTenureCalculator_ValidatingFeesAndChargesSlider Started ****
23:26:24.739 [main] INFO  - **** TC_3_35_LoanTenureCalculator_ValidatingFeesAndChargesSlider Ended ****
23:26:25.003 [main] INFO  - **** TC_3_36_LoanTenure_CalculatorIntegressionTestingForFeesAndChargesTextBoxAndSlider Started ****
23:26:27.701 [main] INFO  - **** TC_3_36_LoanTenure_CalculatorIntegressionTestingForFeesAndChargesTextBoxAndSlider Ended ****
23:26:27.910 [main] INFO  - **** TC_3_37_IntegrationTestingForYearAndMonthOption Started ****
23:26:31.000 [main] INFO  - **** TC_3_37_IntegrationTestingForYearAndMonthOption Ended ****
08:46:54.488 [main] INFO  - **** TC_1_01_ParsingRequiredValuesToTheRespectiveFields Started ****
08:47:35.529 [main] INFO  - **** TC_1_01_ParsingRequiredValuesToTheRespectiveFields Ended ****
08:47:35.753 [main] INFO  - **** TC_1_02_DisplayingTheEMIPaymentTable Started ****
08:47:37.082 [main] INFO  - **** TC_1_02_DisplayingTheEMIPaymentTable Ended ****
08:47:37.185 [main] INFO  - **** TC_2_01_StoringTheYearTableInTheExcel Started ****
08:47:37.761 [main] ERROR - TC_2_01 got failed, storing the data was unsuccessful
08:47:37.940 [main] INFO  - **** TC_3_01_EMICalculator_ValidatingLoanAmountTextBox Started ****
08:47:38.626 [main] INFO  - **** TC_3_01_EMICalculator_ValidatingLoanAmountTextBox Ended ****
08:47:38.804 [main] INFO  - **** TC_3_02_EMICalculator_ValidatingLoanAmountSlider Started ****
08:47:39.278 [main] INFO  - **** TC_3_02_EMICalculator_ValidatingLoanAmountSlider Ended ****
08:47:39.474 [main] INFO  - **** TC_3_03_EMICalculator_IntegressionTestingForLoanAmountTextBoxAndSlider Started ****
08:47:40.862 [main] INFO  - **** TC_3_03_EMICalculator_IntegressionTestingForLoanAmountTextBoxAndSlider Ended ****
08:47:41.025 [main] INFO  - **** TC_3_04_EMICalculator_ValidatingInterestRateTextBox Started ****
08:47:41.538 [main] INFO  - **** TC_3_04_EMICalculator_ValidatingInterestRateTextBox Ended ****
08:47:41.674 [main] INFO  - **** TC_3_05_EMICalculator_ValidatingInterestRateSlider Started ****
08:47:42.116 [main] INFO  - **** TC_3_05_EMICalculator_ValidatingInterestRateSlider Ended ****
08:47:42.279 [main] INFO  - **** TC_3_06_EMICalculator_IntegressionTestingForInterestRateTextBoxAndSlider Started ****
08:47:45.605 [main] INFO  - **** TC_3_06_EMICalculator_IntegressionTestingForInterestRateTextBoxAndSlider Ended ****
08:47:45.802 [main] INFO  - **** TC_3_07_EMICalculator_ValidatingLoanTenureTextBox Started ****
08:47:46.292 [main] INFO  - **** TC_3_07_EMICalculator_ValidatingLoanTenureTextBox Ended ****
08:47:46.448 [main] INFO  - **** TC_3_08_EMICalculator_ValidatingLoanTenureSlider Started ****
08:47:46.927 [main] INFO  - **** TC_3_08_EMICalculator_ValidatingLoanTenureSlider Ended ****
08:47:47.080 [main] INFO  - **** TC_3_09_EMICalculator_IntegressionTestingForLoanTenureTextBoxAndSlider Started ****
08:47:48.552 [main] INFO  - **** TC_3_09_EMICalculator_IntegressionTestingForLoanTenureTextBoxAndSlider Ended ****
08:47:48.698 [main] INFO  - **** TC_3_10_EMICalculator_ValidatingFeesAndChargesTextBox Started ****
08:47:49.292 [main] INFO  - **** TC_3_10_EMICalculator_ValidatingFeesAndChargesTextBox Ended ****
08:47:49.467 [main] INFO  - **** TC_3_11_EMICalculator_ValidatingFeesAndChargesSlider Started ****
08:47:49.925 [main] INFO  - **** TC_3_11_EMICalculator_ValidatingFeesAndChargesSlider Ended ****
08:47:50.100 [main] INFO  - **** TC_3_12_EMICalculator_IntegressionTestingForFeesAndChargesTextBoxAndSlider Started ****
08:47:51.355 [main] INFO  - **** TC_3_12_EMICalculator_IntegressionTestingForFeesAndChargesTextBoxAndSlider Ended ****
08:47:51.525 [main] INFO  - **** TC_3_13_LoanAmtCalculator_ValidatingEMITextBox Started ****
08:47:52.158 [main] INFO  - **** TC_3_13_LoanAmtCalculator_ValidatingEMITextBox Ended ****
08:47:52.296 [main] INFO  - **** TC_3_14_LoanAmtCalculator_ValidatingEMISlider Started ****
08:47:53.010 [main] INFO  - **** TC_3_14_LoanAmtCalculator_ValidatingEMISlider Ended ****
08:47:53.160 [main] INFO  - **** TC_3_15_LoanAmtCalculator_IntegressionTestingForEMITextBoxAndSlider Started ****
08:47:54.617 [main] ERROR - TC_3_15 got failed, Integration Testing for EMI Text Box and slider was not successful
08:47:54.760 [main] INFO  - **** TC_3_16_LoanAmtCalculator_ValidatingInterestRateTextBox Started ****
08:47:55.429 [main] INFO  - **** TC_3_16_LoanAmtCalculator_ValidatingInterestRateTextBox Ended ****
08:47:55.568 [main] INFO  - **** TC_3_17_LoanAmtCalculator_ValidatingInterestRateSlider Started ****
08:47:56.203 [main] INFO  - **** TC_3_17_LoanAmtCalculator_ValidatingInterestRateSlider Ended ****
08:47:56.340 [main] INFO  - **** TC_3_18_LoanAmtCalculator_IntegressionTestingForInterestRateTextBoxAndSlider Started ****
08:47:57.963 [main] INFO  - **** TC_3_18_LoanAmtCalculator_IntegressionTestingForInterestRateTextBoxAndSlider Ended ****
08:47:58.133 [main] INFO  - **** TC_3_19_LoanAmtCalculator_ValidatingLoanTenureTextBox Started ****
08:47:58.708 [main] INFO  - **** TC_3_19_LoanAmtCalculator_ValidatingLoanTenureTextBox Ended ****
08:47:58.870 [main] INFO  - **** TC_3_20_LoanAmtCalculator_ValidatingLoanTenureSlider Started ****
08:47:59.586 [main] INFO  - **** TC_3_20_LoanAmtCalculator_ValidatingLoanTenureSlider Ended ****
08:47:59.751 [main] INFO  - **** TC_3_21_LoanAmtCalculator_IntegressionTestingForLoanTenureTextBoxAndSlider Started ****
08:48:01.271 [main] INFO  - **** TC_3_21_LoanAmtCalculator_IntegressionTestingForLoanTenureTextBoxAndSlider Ended ****
08:48:01.398 [main] INFO  - **** TC_3_22_LoanAmtCalculator_ValidatingFeesAndChargesTextBox Started ****
08:48:02.004 [main] INFO  - **** TC_3_22_LoanAmtCalculator_ValidatingFeesAndChargesTextBox Ended ****
08:48:02.184 [main] INFO  - **** TC_3_23_LoanAmtCalculator_ValidatingFeesAndChargesSlider Started ****
08:48:03.075 [main] INFO  - **** TC_3_23_LoanAmtCalculator_ValidatingFeesAndChargesSlider Ended ****
08:48:03.274 [main] INFO  - **** TC_3_24_LoanAmtCalculator_IntegressionTestingForFeesAndChargesTextBoxAndSlider Started ****
08:48:05.001 [main] INFO  - **** TC_3_24_LoanAmtCalculator_IntegressionTestingForFeesAndChargesTextBoxAndSlider Ended ****
08:48:05.147 [main] INFO  - **** TC_3_25_LoanTenureCalculator_ValidatingLoanAmountTextBox Started ****
08:48:05.735 [main] INFO  - **** TC_3_25_LoanTenureCalculator_ValidatingLoanAmountTextBox Ended ****
08:48:05.874 [main] INFO  - **** TC_3_26_LoanTenureCalculator_ValidatingLoanAmountSlider Started ****
08:48:06.608 [main] INFO  - **** TC_3_26_LoanTenureCalculator_ValidatingLoanAmountSlider Ended ****
08:48:06.756 [main] INFO  - **** TC_3_27_LoanTenureCalculator_IntegressionTestingForLoanAmountTextBoxAndSlider Started ****
08:48:08.457 [main] INFO  - **** TC_3_27_LoanTenureCalculator_IntegressionTestingForLoanAmountTextBoxAndSlider Ended ****
08:48:08.654 [main] INFO  - **** TC_3_28_LoanTenureCalculator_ValidatingEMITextBox Started ****
08:48:09.406 [main] INFO  - **** TC_3_28_LoanTenureCalculator_ValidatingEMITextBox Ended ****
08:48:09.586 [main] INFO  - **** TC_3_29_LoanTenureCalculator_ValidatingEMISlider Started ****
08:48:10.248 [main] INFO  - **** TC_3_29_LoanTenureCalculator_ValidatingEMISlider Ended ****
08:48:10.401 [main] INFO  - **** TC_3_30_LoanTenureCalculator_IntegressionTestingForEMITextBoxAndSlider Started ****
08:48:12.160 [main] ERROR - TC_3_30 got failed, Integration Testing for EMI Text Box and slider was not successful
08:48:12.314 [main] INFO  - **** TC_3_31_LoanTenureCalculator_ValidatingInterestRateTextBox Started ****
08:48:12.890 [main] INFO  - **** TC_3_31_LoanTenureCalculator_ValidatingInterestRateTextBox Ended ****
08:48:13.064 [main] INFO  - **** TC_3_32_LoanTenureCalculator_ValidatingInterestRateSlider Started ****
08:48:13.806 [main] INFO  - **** TC_3_32_LoanTenureCalculator_ValidatingInterestRateSlider Ended ****
08:48:13.962 [main] INFO  - **** TC_3_33_LoanTenureCalculator_IntegressionTestingForInterestRateTextBoxAndSlider Started ****
08:48:15.585 [main] INFO  - **** TC_3_33_LoanTenureCalculator_IntegressionTestingForInterestRateTextBoxAndSlider Ended ****
08:48:15.721 [main] INFO  - **** TC_3_34_LoanTenureCalculator_ValidatingFeesAndChargesTextBox Started ****
08:48:16.289 [main] INFO  - **** TC_3_34_LoanTenureCalculator_ValidatingFeesAndChargesTextBox Ended ****
08:48:16.436 [main] INFO  - **** TC_3_35_LoanTenureCalculator_ValidatingFeesAndChargesSlider Started ****
08:48:17.125 [main] INFO  - **** TC_3_35_LoanTenureCalculator_ValidatingFeesAndChargesSlider Ended ****
08:48:17.283 [main] INFO  - **** TC_3_36_LoanTenure_CalculatorIntegressionTestingForFeesAndChargesTextBoxAndSlider Started ****
08:48:19.096 [main] INFO  - **** TC_3_36_LoanTenure_CalculatorIntegressionTestingForFeesAndChargesTextBoxAndSlider Ended ****
08:48:19.238 [main] INFO  - **** TC_3_37_IntegrationTestingForYearAndMonthOption Started ****
08:48:20.555 [main] INFO  - **** TC_3_37_IntegrationTestingForYearAndMonthOption Ended ****
08:51:32.305 [main] INFO  - **** TC_1_01_ParsingRequiredValuesToTheRespectiveFields Started ****
08:51:33.687 [main] INFO  - **** TC_1_01_ParsingRequiredValuesToTheRespectiveFields Ended ****
08:51:33.914 [main] INFO  - **** TC_1_02_DisplayingTheEMIPaymentTable Started ****
08:51:35.291 [main] INFO  - **** TC_1_02_DisplayingTheEMIPaymentTable Ended ****
08:51:35.410 [main] INFO  - **** TC_2_01_StoringTheYearTableInTheExcel Started ****
08:51:42.537 [main] INFO  - **** TC_2_01_StoringTheYearTableInTheExcel Ended ****
08:51:42.641 [main] INFO  - **** TC_3_01_EMICalculator_ValidatingLoanAmountTextBox Started ****
08:51:43.433 [main] INFO  - **** TC_3_01_EMICalculator_ValidatingLoanAmountTextBox Ended ****
08:51:43.584 [main] INFO  - **** TC_3_02_EMICalculator_ValidatingLoanAmountSlider Started ****
08:51:44.199 [main] INFO  - **** TC_3_02_EMICalculator_ValidatingLoanAmountSlider Ended ****
08:51:44.368 [main] INFO  - **** TC_3_03_EMICalculator_IntegressionTestingForLoanAmountTextBoxAndSlider Started ****
08:51:45.878 [main] INFO  - **** TC_3_03_EMICalculator_IntegressionTestingForLoanAmountTextBoxAndSlider Ended ****
08:51:46.059 [main] INFO  - **** TC_3_04_EMICalculator_ValidatingInterestRateTextBox Started ****
08:51:46.664 [main] INFO  - **** TC_3_04_EMICalculator_ValidatingInterestRateTextBox Ended ****
08:51:46.819 [main] INFO  - **** TC_3_05_EMICalculator_ValidatingInterestRateSlider Started ****
08:51:47.290 [main] INFO  - **** TC_3_05_EMICalculator_ValidatingInterestRateSlider Ended ****
08:51:47.469 [main] INFO  - **** TC_3_06_EMICalculator_IntegressionTestingForInterestRateTextBoxAndSlider Started ****
08:51:49.103 [main] INFO  - **** TC_3_06_EMICalculator_IntegressionTestingForInterestRateTextBoxAndSlider Ended ****
08:51:49.255 [main] INFO  - **** TC_3_07_EMICalculator_ValidatingLoanTenureTextBox Started ****
08:51:49.855 [main] INFO  - **** TC_3_07_EMICalculator_ValidatingLoanTenureTextBox Ended ****
08:51:50.017 [main] INFO  - **** TC_3_08_EMICalculator_ValidatingLoanTenureSlider Started ****
08:51:50.483 [main] INFO  - **** TC_3_08_EMICalculator_ValidatingLoanTenureSlider Ended ****
08:51:50.647 [main] INFO  - **** TC_3_09_EMICalculator_IntegressionTestingForLoanTenureTextBoxAndSlider Started ****
08:51:52.555 [main] INFO  - **** TC_3_09_EMICalculator_IntegressionTestingForLoanTenureTextBoxAndSlider Ended ****
08:51:52.706 [main] INFO  - **** TC_3_10_EMICalculator_ValidatingFeesAndChargesTextBox Started ****
08:51:53.112 [main] INFO  - **** TC_3_10_EMICalculator_ValidatingFeesAndChargesTextBox Ended ****
08:51:53.242 [main] INFO  - **** TC_3_11_EMICalculator_ValidatingFeesAndChargesSlider Started ****
08:51:53.687 [main] INFO  - **** TC_3_11_EMICalculator_ValidatingFeesAndChargesSlider Ended ****
08:51:53.826 [main] INFO  - **** TC_3_12_EMICalculator_IntegressionTestingForFeesAndChargesTextBoxAndSlider Started ****
08:51:55.372 [main] INFO  - **** TC_3_12_EMICalculator_IntegressionTestingForFeesAndChargesTextBoxAndSlider Ended ****
08:51:55.513 [main] INFO  - **** TC_3_13_LoanAmtCalculator_ValidatingEMITextBox Started ****
08:51:56.081 [main] INFO  - **** TC_3_13_LoanAmtCalculator_ValidatingEMITextBox Ended ****
08:51:56.229 [main] INFO  - **** TC_3_14_LoanAmtCalculator_ValidatingEMISlider Started ****
08:51:56.781 [main] INFO  - **** TC_3_14_LoanAmtCalculator_ValidatingEMISlider Ended ****
08:51:56.930 [main] INFO  - **** TC_3_15_LoanAmtCalculator_IntegressionTestingForEMITextBoxAndSlider Started ****
08:51:58.490 [main] ERROR - TC_3_15 got failed, Integration Testing for EMI Text Box and slider was not successful
08:51:58.666 [main] INFO  - **** TC_3_16_LoanAmtCalculator_ValidatingInterestRateTextBox Started ****
08:51:59.321 [main] INFO  - **** TC_3_16_LoanAmtCalculator_ValidatingInterestRateTextBox Ended ****
08:51:59.483 [main] INFO  - **** TC_3_17_LoanAmtCalculator_ValidatingInterestRateSlider Started ****
08:52:00.112 [main] INFO  - **** TC_3_17_LoanAmtCalculator_ValidatingInterestRateSlider Ended ****
08:52:00.270 [main] INFO  - **** TC_3_18_LoanAmtCalculator_IntegressionTestingForInterestRateTextBoxAndSlider Started ****
08:52:01.813 [main] INFO  - **** TC_3_18_LoanAmtCalculator_IntegressionTestingForInterestRateTextBoxAndSlider Ended ****
08:52:02.043 [main] INFO  - **** TC_3_19_LoanAmtCalculator_ValidatingLoanTenureTextBox Started ****
08:52:02.634 [main] INFO  - **** TC_3_19_LoanAmtCalculator_ValidatingLoanTenureTextBox Ended ****
08:52:02.768 [main] INFO  - **** TC_3_20_LoanAmtCalculator_ValidatingLoanTenureSlider Started ****
08:52:03.456 [main] INFO  - **** TC_3_20_LoanAmtCalculator_ValidatingLoanTenureSlider Ended ****
08:52:03.617 [main] INFO  - **** TC_3_21_LoanAmtCalculator_IntegressionTestingForLoanTenureTextBoxAndSlider Started ****
08:52:05.104 [main] INFO  - **** TC_3_21_LoanAmtCalculator_IntegressionTestingForLoanTenureTextBoxAndSlider Ended ****
08:52:05.233 [main] INFO  - **** TC_3_22_LoanAmtCalculator_ValidatingFeesAndChargesTextBox Started ****
08:52:05.835 [main] INFO  - **** TC_3_22_LoanAmtCalculator_ValidatingFeesAndChargesTextBox Ended ****
08:52:05.993 [main] INFO  - **** TC_3_23_LoanAmtCalculator_ValidatingFeesAndChargesSlider Started ****
08:52:06.714 [main] INFO  - **** TC_3_23_LoanAmtCalculator_ValidatingFeesAndChargesSlider Ended ****
08:52:06.854 [main] INFO  - **** TC_3_24_LoanAmtCalculator_IntegressionTestingForFeesAndChargesTextBoxAndSlider Started ****
08:52:08.342 [main] INFO  - **** TC_3_24_LoanAmtCalculator_IntegressionTestingForFeesAndChargesTextBoxAndSlider Ended ****
08:52:08.492 [main] INFO  - **** TC_3_25_LoanTenureCalculator_ValidatingLoanAmountTextBox Started ****
08:52:09.226 [main] INFO  - **** TC_3_25_LoanTenureCalculator_ValidatingLoanAmountTextBox Ended ****
08:52:09.370 [main] INFO  - **** TC_3_26_LoanTenureCalculator_ValidatingLoanAmountSlider Started ****
08:52:10.063 [main] INFO  - **** TC_3_26_LoanTenureCalculator_ValidatingLoanAmountSlider Ended ****
08:52:10.244 [main] INFO  - **** TC_3_27_LoanTenureCalculator_IntegressionTestingForLoanAmountTextBoxAndSlider Started ****
08:52:11.792 [main] INFO  - **** TC_3_27_LoanTenureCalculator_IntegressionTestingForLoanAmountTextBoxAndSlider Ended ****
08:52:12.014 [main] INFO  - **** TC_3_28_LoanTenureCalculator_ValidatingEMITextBox Started ****
08:52:12.659 [main] INFO  - **** TC_3_28_LoanTenureCalculator_ValidatingEMITextBox Ended ****
08:52:12.798 [main] INFO  - **** TC_3_29_LoanTenureCalculator_ValidatingEMISlider Started ****
08:52:13.458 [main] INFO  - **** TC_3_29_LoanTenureCalculator_ValidatingEMISlider Ended ****
08:52:13.622 [main] INFO  - **** TC_3_30_LoanTenureCalculator_IntegressionTestingForEMITextBoxAndSlider Started ****
08:52:15.228 [main] ERROR - TC_3_30 got failed, Integration Testing for EMI Text Box and slider was not successful
08:52:15.404 [main] INFO  - **** TC_3_31_LoanTenureCalculator_ValidatingInterestRateTextBox Started ****
08:52:16.193 [main] INFO  - **** TC_3_31_LoanTenureCalculator_ValidatingInterestRateTextBox Ended ****
08:52:16.411 [main] INFO  - **** TC_3_32_LoanTenureCalculator_ValidatingInterestRateSlider Started ****
08:52:17.125 [main] INFO  - **** TC_3_32_LoanTenureCalculator_ValidatingInterestRateSlider Ended ****
08:52:17.284 [main] INFO  - **** TC_3_33_LoanTenureCalculator_IntegressionTestingForInterestRateTextBoxAndSlider Started ****
08:52:19.074 [main] INFO  - **** TC_3_33_LoanTenureCalculator_IntegressionTestingForInterestRateTextBoxAndSlider Ended ****
08:52:19.209 [main] INFO  - **** TC_3_34_LoanTenureCalculator_ValidatingFeesAndChargesTextBox Started ****
08:52:19.865 [main] INFO  - **** TC_3_34_LoanTenureCalculator_ValidatingFeesAndChargesTextBox Ended ****
08:52:20.006 [main] INFO  - **** TC_3_35_LoanTenureCalculator_ValidatingFeesAndChargesSlider Started ****
08:52:20.709 [main] INFO  - **** TC_3_35_LoanTenureCalculator_ValidatingFeesAndChargesSlider Ended ****
08:52:20.929 [main] INFO  - **** TC_3_36_LoanTenure_CalculatorIntegressionTestingForFeesAndChargesTextBoxAndSlider Started ****
08:52:22.597 [main] INFO  - **** TC_3_36_LoanTenure_CalculatorIntegressionTestingForFeesAndChargesTextBoxAndSlider Ended ****
08:52:22.762 [main] INFO  - **** TC_3_37_IntegrationTestingForYearAndMonthOption Started ****
08:52:24.308 [main] INFO  - **** TC_3_37_IntegrationTestingForYearAndMonthOption Ended ****
